[2019-11-27 00:37:55.699]: main - Starting PSMoveService v0.9-alpha 9.0.1 (protocol v0.9-alpha 9.0.0)
[2019-11-27 00:37:55.829]: USBAsyncRequestManager::startup - Requested LibUSBApi
[2019-11-27 00:37:55.836]: USBAsyncRequestManager::startup - Creating LibUSBApi
[2019-11-27 00:37:55.864]: USBAsyncRequestManager::startup - Initialized USB API
[2019-11-27 00:37:55.904]: DeviceManager::startup - Platform Hotplug API is ENABLED
[2019-11-27 00:37:56.58]: bluetooth_get_host_address - Found a bluetooth radio
[2019-11-27 00:37:56.66]: bluetooth_get_host_address - Retrieved radio info
[2019-11-27 00:37:56.397]: PSMoveController::open - Opening PSMoveController(\\?\hid#vid_054c&pid_03d5&col01#6&3804428d&5&0000#{4d1e55b2-f16f-11cf-88cb-001111000030})
[2019-11-27 00:37:56.408]: PSMoveController::open -   with EMPTY serial_number
[2019-11-27 00:37:56.480]: testMagnetometer - Failed to open read initial controller state after 10 attempts.
[2019-11-27 00:37:56.486]: WorkerThread::start - Starting worker thread: PSMoveSensorProcessor
[2019-11-27 00:37:56.510]: DeviceTypeManager::update_connected_devices - Device device_id 0 (PSMove) opened
[2019-11-27 00:37:56.692]: TrackerDeviceEnumerator - Skipping device (USB\VID_1415&PID_2000\b3_p3) - Operation not supported or unimplemented on this platform
[2019-11-27 00:37:56.713]: PS3EyeTracker::open - Opening PS3EyeTracker(USB\VID_1415&PID_2000\b3_p3, camera_index=0)
[2019-11-27 00:37:57.242]: SharedMemory::initialize() - Allocating shared memory: tracker_view_0
[2019-11-27 00:37:57.916]: DeviceTypeManager::update_connected_devices - Device device_id 0 (PSEYE) opened
[2019-11-27 00:37:57.933]: ClientConnection::start - Starting client connection id 0
[2019-11-27 00:37:57.944]: ClientConnection::send_connection_info - Sending connection id to client 0
[2019-11-27 00:38:01.462]: AsyncBluetoothPairDeviceRequest - Found a bluetooth radio
[2019-11-27 00:38:01.470]: AsyncBluetoothPairDeviceRequest - Retrieved radio info
[2019-11-27 00:38:01.477]: AsyncBluetoothPairDeviceRequest - Assigned host address 40:e2:30:b7:00:46 to controller id 0
[2019-11-27 00:38:01.491]: ServerRequestHandler - Async bluetooth request([Pair] ID: 0 Conn: 0) started.
[2019-11-27 00:38:01.498]: AsyncBluetoothPairDeviceRequest - Making radio discoverable
[2019-11-27 00:38:02.883]: AsyncBluetoothPairDeviceRequest - No Bluetooth device found matching the given address: fc:62:b9:46:3b:27
[2019-11-27 00:38:04.306]: AsyncBluetoothPairDeviceRequest - No Bluetooth device found matching the given address: fc:62:b9:46:3b:27
[2019-11-27 00:38:05.725]: AsyncBluetoothPairDeviceRequest - No Bluetooth device found matching the given address: fc:62:b9:46:3b:27
[2019-11-27 00:38:07.148]: AsyncBluetoothPairDeviceRequest - No Bluetooth device found matching the given address: fc:62:b9:46:3b:27
[2019-11-27 00:38:08.570]: AsyncBluetoothPairDeviceRequest - Bluetooth device found matching the given address: fc:62:b9:46:3b:27
[2019-11-27 00:38:08.579]: AsyncBluetoothPairDeviceRequest - Bluetooth device matching the given address is the expected controller type
[2019-11-27 00:38:08.593]: AsyncBluetoothPairDeviceRequest - Connection attempt: 0/80
[2019-11-27 00:38:08.597]: AsyncBluetoothPairDeviceRequest - Patching the registry ...
[2019-11-27 00:38:08.603]: AsyncBluetoothPairDeviceRequest - Failed to open registry key, it does not yet exist
[2019-11-27 00:38:08.608]: AsyncBluetoothPairDeviceRequest - Checking HID service
[2019-11-27 00:38:08.612]: AsyncBluetoothPairDeviceRequest - HID service not enabled, attempting to enable
[2019-11-27 00:38:11.641]: AsyncBluetoothPairDeviceRequest - Patching the registry ...
[2019-11-27 00:38:11.646]: AsyncBluetoothPairDeviceRequest - Failed to open registry key, it does not yet exist
[2019-11-27 00:38:11.657]: AsyncBluetoothPairDeviceRequest - Verification attempt 0 / 5
[2019-11-27 00:38:11.662]: AsyncBluetoothPairDeviceRequest - Device Remembered
[2019-11-27 00:38:11.667]: AsyncBluetoothPairDeviceRequest - HID service enabled
[2019-11-27 00:38:11.673]: AsyncBluetoothPairDeviceRequest - HID service not enabled
[2019-11-27 00:38:11.675]: AsyncBluetoothPairDeviceRequest - Verified failed. Re-establish connection
[2019-11-27 00:38:11.680]: AsyncBluetoothPairDeviceRequest - Connection attempt: 0/80
[2019-11-27 00:38:11.693]: AsyncBluetoothPairDeviceRequest - Device not connected
[2019-11-27 00:38:11.996]: AsyncBluetoothPairDeviceRequest - Connection attempt: 1/80
[2019-11-27 00:38:12.4]: AsyncBluetoothPairDeviceRequest - Device not connected
[2019-11-27 00:38:12.309]: AsyncBluetoothPairDeviceRequest - Connection attempt: 2/80
[2019-11-27 00:38:12.315]: AsyncBluetoothPairDeviceRequest - Device not connected
[2019-11-27 00:38:12.622]: AsyncBluetoothPairDeviceRequest - Connection attempt: 3/80
[2019-11-27 00:38:12.628]: AsyncBluetoothPairDeviceRequest - Device not connected
[2019-11-27 00:38:12.936]: AsyncBluetoothPairDeviceRequest - Connection attempt: 4/80
[2019-11-27 00:38:12.942]: AsyncBluetoothPairDeviceRequest - Device not connected
[2019-11-27 00:38:13.251]: AsyncBluetoothPairDeviceRequest - Connection attempt: 5/80
[2019-11-27 00:38:13.258]: AsyncBluetoothPairDeviceRequest - Device not connected
[2019-11-27 00:38:13.564]: AsyncBluetoothPairDeviceRequest - Connection attempt: 6/80
[2019-11-27 00:38:13.571]: AsyncBluetoothPairDeviceRequest - Device not connected
[2019-11-27 00:38:13.877]: AsyncBluetoothPairDeviceRequest - Connection attempt: 7/80
[2019-11-27 00:38:13.885]: AsyncBluetoothPairDeviceRequest - Device not connected
[2019-11-27 00:38:14.191]: AsyncBluetoothPairDeviceRequest - Connection attempt: 8/80
[2019-11-27 00:38:14.198]: AsyncBluetoothPairDeviceRequest - Device not connected
[2019-11-27 00:38:14.506]: AsyncBluetoothPairDeviceRequest - Connection attempt: 9/80
[2019-11-27 00:38:14.513]: AsyncBluetoothPairDeviceRequest - Device not connected
[2019-11-27 00:38:14.822]: AsyncBluetoothPairDeviceRequest - Connection attempt: 10/80
[2019-11-27 00:38:14.829]: AsyncBluetoothPairDeviceRequest - Device not connected
[2019-11-27 00:38:15.137]: AsyncBluetoothPairDeviceRequest - Connection attempt: 11/80
[2019-11-27 00:38:15.143]: AsyncBluetoothPairDeviceRequest - Device not connected
[2019-11-27 00:38:15.452]: AsyncBluetoothPairDeviceRequest - Connection attempt: 12/80
[2019-11-27 00:38:15.458]: AsyncBluetoothPairDeviceRequest - Device not connected
[2019-11-27 00:38:15.767]: AsyncBluetoothPairDeviceRequest - Connection attempt: 13/80
[2019-11-27 00:38:15.773]: AsyncBluetoothPairDeviceRequest - Device not connected
[2019-11-27 00:38:16.80]: AsyncBluetoothPairDeviceRequest - Connection attempt: 14/80
[2019-11-27 00:38:16.89]: AsyncBluetoothPairDeviceRequest - Device not connected
[2019-11-27 00:38:16.400]: AsyncBluetoothPairDeviceRequest - Connection attempt: 15/80
[2019-11-27 00:38:16.406]: AsyncBluetoothPairDeviceRequest - Device not connected
[2019-11-27 00:38:16.715]: AsyncBluetoothPairDeviceRequest - Connection attempt: 16/80
[2019-11-27 00:38:16.723]: AsyncBluetoothPairDeviceRequest - Device not connected
[2019-11-27 00:38:17.32]: AsyncBluetoothPairDeviceRequest - Connection attempt: 17/80
[2019-11-27 00:38:17.40]: AsyncBluetoothPairDeviceRequest - Device not connected
[2019-11-27 00:38:17.345]: AsyncBluetoothPairDeviceRequest - Connection attempt: 18/80
[2019-11-27 00:38:17.354]: AsyncBluetoothPairDeviceRequest - Device not connected
[2019-11-27 00:38:17.660]: AsyncBluetoothPairDeviceRequest - Connection attempt: 19/80
[2019-11-27 00:38:17.668]: AsyncBluetoothPairDeviceRequest - Device not connected
[2019-11-27 00:38:17.974]: AsyncBluetoothPairDeviceRequest - Connection attempt: 20/80
[2019-11-27 00:38:17.983]: AsyncBluetoothPairDeviceRequest - Device not connected
[2019-11-27 00:38:18.290]: AsyncBluetoothPairDeviceRequest - Connection attempt: 21/80
[2019-11-27 00:38:18.298]: AsyncBluetoothPairDeviceRequest - Device not connected
[2019-11-27 00:38:18.605]: AsyncBluetoothPairDeviceRequest - Connection attempt: 22/80
[2019-11-27 00:38:18.612]: AsyncBluetoothPairDeviceRequest - Device not connected
[2019-11-27 00:38:18.919]: AsyncBluetoothPairDeviceRequest - Connection attempt: 23/80
[2019-11-27 00:38:18.926]: AsyncBluetoothPairDeviceRequest - Device not connected
[2019-11-27 00:38:19.232]: AsyncBluetoothPairDeviceRequest - Connection attempt: 24/80
[2019-11-27 00:38:19.238]: AsyncBluetoothPairDeviceRequest - Device not connected
[2019-11-27 00:38:19.544]: AsyncBluetoothPairDeviceRequest - Connection attempt: 25/80
[2019-11-27 00:38:19.553]: AsyncBluetoothPairDeviceRequest - Device not connected
[2019-11-27 00:38:19.858]: AsyncBluetoothPairDeviceRequest - Connection attempt: 26/80
[2019-11-27 00:38:19.866]: AsyncBluetoothPairDeviceRequest - Device not connected
[2019-11-27 00:38:20.173]: AsyncBluetoothPairDeviceRequest - Connection attempt: 27/80
[2019-11-27 00:38:20.179]: AsyncBluetoothPairDeviceRequest - Device not connected
[2019-11-27 00:38:20.486]: AsyncBluetoothPairDeviceRequest - Connection attempt: 28/80
[2019-11-27 00:38:20.492]: AsyncBluetoothPairDeviceRequest - Device not connected
[2019-11-27 00:38:20.799]: AsyncBluetoothPairDeviceRequest - Connection attempt: 29/80
[2019-11-27 00:38:20.806]: AsyncBluetoothPairDeviceRequest - Device not connected
[2019-11-27 00:38:21.113]: AsyncBluetoothPairDeviceRequest - Connection attempt: 30/80
[2019-11-27 00:38:21.120]: AsyncBluetoothPairDeviceRequest - Device not connected
[2019-11-27 00:38:21.426]: AsyncBluetoothPairDeviceRequest - Connection attempt: 31/80
[2019-11-27 00:38:21.434]: AsyncBluetoothPairDeviceRequest - Device not connected
[2019-11-27 00:38:21.741]: AsyncBluetoothPairDeviceRequest - Connection attempt: 32/80
[2019-11-27 00:38:21.748]: AsyncBluetoothPairDeviceRequest - Device not connected
[2019-11-27 00:38:22.54]: AsyncBluetoothPairDeviceRequest - Connection attempt: 33/80
[2019-11-27 00:38:22.60]: AsyncBluetoothPairDeviceRequest - Device not connected
[2019-11-27 00:38:22.368]: AsyncBluetoothPairDeviceRequest - Connection attempt: 34/80
[2019-11-27 00:38:22.375]: AsyncBluetoothPairDeviceRequest - Device not connected
[2019-11-27 00:38:22.686]: AsyncBluetoothPairDeviceRequest - Connection attempt: 35/80
[2019-11-27 00:38:22.750]: AsyncBluetoothPairDeviceRequest - Patching the registry ...
[2019-11-27 00:38:22.764]: AsyncBluetoothPairDeviceRequest - Failed to open registry key, it does not yet exist
[2019-11-27 00:38:22.788]: AsyncBluetoothPairDeviceRequest - Checking HID service
[2019-11-27 00:38:22.800]: AsyncBluetoothPairDeviceRequest - Verification attempt 0 / 5
[2019-11-27 00:38:22.806]: AsyncBluetoothPairDeviceRequest - Device Remembered
[2019-11-27 00:38:22.810]: AsyncBluetoothPairDeviceRequest - HID service enabled
[2019-11-27 00:38:22.823]: AsyncBluetoothPairDeviceRequest - HID service not enabled
[2019-11-27 00:38:22.832]: AsyncBluetoothPairDeviceRequest - Verified failed. Re-establish connection
[2019-11-27 00:38:22.860]: AsyncBluetoothPairDeviceRequest - Connection attempt: 0/80
[2019-11-27 00:38:22.871]: AsyncBluetoothPairDeviceRequest - Device not connected
[2019-11-27 00:38:23.188]: AsyncBluetoothPairDeviceRequest - Connection attempt: 1/80
[2019-11-27 00:38:23.291]: AsyncBluetoothPairDeviceRequest - Device not connected
[2019-11-27 00:38:23.669]: AsyncBluetoothPairDeviceRequest - Connection attempt: 2/80
[2019-11-27 00:38:23.691]: AsyncBluetoothPairDeviceRequest - Device not connected
[2019-11-27 00:38:24.12]: AsyncBluetoothPairDeviceRequest - Connection attempt: 3/80
[2019-11-27 00:38:24.35]: AsyncBluetoothPairDeviceRequest - Device not connected
[2019-11-27 00:38:24.370]: AsyncBluetoothPairDeviceRequest - Connection attempt: 4/80
[2019-11-27 00:38:24.380]: AsyncBluetoothPairDeviceRequest - Device not connected
[2019-11-27 00:38:24.686]: AsyncBluetoothPairDeviceRequest - Connection attempt: 5/80
[2019-11-27 00:38:24.693]: AsyncBluetoothPairDeviceRequest - Device not connected
[2019-11-27 00:38:25.3]: AsyncBluetoothPairDeviceRequest - Connection attempt: 6/80
[2019-11-27 00:38:25.14]: AsyncBluetoothPairDeviceRequest - Device not connected
[2019-11-27 00:38:25.322]: AsyncBluetoothPairDeviceRequest - Connection attempt: 7/80
[2019-11-27 00:38:25.331]: AsyncBluetoothPairDeviceRequest - Device not connected
[2019-11-27 00:38:25.640]: AsyncBluetoothPairDeviceRequest - Connection attempt: 8/80
[2019-11-27 00:38:25.649]: AsyncBluetoothPairDeviceRequest - Device not connected
[2019-11-27 00:38:25.958]: AsyncBluetoothPairDeviceRequest - Connection attempt: 9/80
[2019-11-27 00:38:25.968]: AsyncBluetoothPairDeviceRequest - Device not connected
[2019-11-27 00:38:26.275]: AsyncBluetoothPairDeviceRequest - Connection attempt: 10/80
[2019-11-27 00:38:26.289]: AsyncBluetoothPairDeviceRequest - Device not connected
[2019-11-27 00:38:26.603]: AsyncBluetoothPairDeviceRequest - Connection attempt: 11/80
[2019-11-27 00:38:26.610]: AsyncBluetoothPairDeviceRequest - Device not connected
[2019-11-27 00:38:26.918]: AsyncBluetoothPairDeviceRequest - Connection attempt: 12/80
[2019-11-27 00:38:26.927]: AsyncBluetoothPairDeviceRequest - Device not connected
[2019-11-27 00:38:27.238]: AsyncBluetoothPairDeviceRequest - Connection attempt: 13/80
[2019-11-27 00:38:27.250]: AsyncBluetoothPairDeviceRequest - Device not connected
[2019-11-27 00:38:27.555]: AsyncBluetoothPairDeviceRequest - Connection attempt: 14/80
[2019-11-27 00:38:27.567]: AsyncBluetoothPairDeviceRequest - Device not connected
[2019-11-27 00:38:27.873]: AsyncBluetoothPairDeviceRequest - Connection attempt: 15/80
[2019-11-27 00:38:27.884]: AsyncBluetoothPairDeviceRequest - Device not connected
[2019-11-27 00:38:28.191]: AsyncBluetoothPairDeviceRequest - Connection attempt: 16/80
[2019-11-27 00:38:28.202]: AsyncBluetoothPairDeviceRequest - Device not connected
[2019-11-27 00:38:28.516]: AsyncBluetoothPairDeviceRequest - Connection attempt: 17/80
[2019-11-27 00:38:28.526]: AsyncBluetoothPairDeviceRequest - Device not connected
[2019-11-27 00:38:28.836]: AsyncBluetoothPairDeviceRequest - Connection attempt: 18/80
[2019-11-27 00:38:28.846]: AsyncBluetoothPairDeviceRequest - Device not connected
[2019-11-27 00:38:29.171]: AsyncBluetoothPairDeviceRequest - Connection attempt: 19/80
[2019-11-27 00:38:29.263]: AsyncBluetoothPairDeviceRequest - Patching the registry ...
[2019-11-27 00:38:29.274]: AsyncBluetoothPairDeviceRequest - Failed to open registry key, it does not yet exist
[2019-11-27 00:38:29.289]: AsyncBluetoothPairDeviceRequest - Checking HID service
[2019-11-27 00:38:29.298]: AsyncBluetoothPairDeviceRequest - HID service not enabled, attempting to enable
[2019-11-27 00:38:32.351]: AsyncBluetoothPairDeviceRequest - Patching the registry ...
[2019-11-27 00:38:32.357]: AsyncBluetoothPairDeviceRequest - Failed to open registry key, it does not yet exist
[2019-11-27 00:38:32.368]: AsyncBluetoothPairDeviceRequest - Verification attempt 0 / 5
[2019-11-27 00:38:32.380]: AsyncBluetoothPairDeviceRequest - Device Remembered
[2019-11-27 00:38:32.383]: AsyncBluetoothPairDeviceRequest - HID service enabled
[2019-11-27 00:38:32.389]: AsyncBluetoothPairDeviceRequest - HID service not enabled
[2019-11-27 00:38:32.401]: AsyncBluetoothPairDeviceRequest - Verified failed. Re-establish connection
[2019-11-27 00:38:32.421]: AsyncBluetoothPairDeviceRequest - Connection attempt: 0/80
[2019-11-27 00:38:32.433]: AsyncBluetoothPairDeviceRequest - Device not connected
[2019-11-27 00:38:32.739]: AsyncBluetoothPairDeviceRequest - Connection attempt: 1/80
[2019-11-27 00:38:32.749]: AsyncBluetoothPairDeviceRequest - Device not connected
[2019-11-27 00:38:33.58]: AsyncBluetoothPairDeviceRequest - Connection attempt: 2/80
[2019-11-27 00:38:33.68]: AsyncBluetoothPairDeviceRequest - Device not connected
[2019-11-27 00:38:33.377]: AsyncBluetoothPairDeviceRequest - Connection attempt: 3/80
[2019-11-27 00:38:33.385]: AsyncBluetoothPairDeviceRequest - Device not connected
[2019-11-27 00:38:33.699]: AsyncBluetoothPairDeviceRequest - Connection attempt: 4/80
[2019-11-27 00:38:33.707]: AsyncBluetoothPairDeviceRequest - Device not connected
[2019-11-27 00:38:34.16]: AsyncBluetoothPairDeviceRequest - Connection attempt: 5/80
[2019-11-27 00:38:34.24]: AsyncBluetoothPairDeviceRequest - Device not connected
[2019-11-27 00:38:34.334]: AsyncBluetoothPairDeviceRequest - Connection attempt: 6/80
[2019-11-27 00:38:34.344]: AsyncBluetoothPairDeviceRequest - Device not connected
[2019-11-27 00:38:34.651]: AsyncBluetoothPairDeviceRequest - Connection attempt: 7/80
[2019-11-27 00:38:34.661]: AsyncBluetoothPairDeviceRequest - Device not connected
[2019-11-27 00:38:34.970]: AsyncBluetoothPairDeviceRequest - Connection attempt: 8/80
[2019-11-27 00:38:34.983]: AsyncBluetoothPairDeviceRequest - Device not connected
[2019-11-27 00:38:35.299]: AsyncBluetoothPairDeviceRequest - Connection attempt: 9/80
[2019-11-27 00:38:35.311]: AsyncBluetoothPairDeviceRequest - Device not connected
[2019-11-27 00:38:35.617]: AsyncBluetoothPairDeviceRequest - Connection attempt: 10/80
[2019-11-27 00:38:35.627]: AsyncBluetoothPairDeviceRequest - Device not connected
[2019-11-27 00:38:35.934]: AsyncBluetoothPairDeviceRequest - Connection attempt: 11/80
[2019-11-27 00:38:35.946]: AsyncBluetoothPairDeviceRequest - Device not connected
[2019-11-27 00:38:36.255]: AsyncBluetoothPairDeviceRequest - Connection attempt: 12/80
[2019-11-27 00:38:36.268]: AsyncBluetoothPairDeviceRequest - Device not connected
[2019-11-27 00:38:36.580]: AsyncBluetoothPairDeviceRequest - Connection attempt: 13/80
[2019-11-27 00:38:36.592]: AsyncBluetoothPairDeviceRequest - Device not connected
[2019-11-27 00:38:36.900]: AsyncBluetoothPairDeviceRequest - Connection attempt: 14/80
[2019-11-27 00:38:36.906]: AsyncBluetoothPairDeviceRequest - Device not connected
[2019-11-27 00:38:37.214]: AsyncBluetoothPairDeviceRequest - Connection attempt: 15/80
[2019-11-27 00:38:37.221]: AsyncBluetoothPairDeviceRequest - Device not connected
[2019-11-27 00:38:37.531]: AsyncBluetoothPairDeviceRequest - Connection attempt: 16/80
[2019-11-27 00:38:37.544]: AsyncBluetoothPairDeviceRequest - Device not connected
[2019-11-27 00:38:37.850]: AsyncBluetoothPairDeviceRequest - Connection attempt: 17/80
[2019-11-27 00:38:37.861]: AsyncBluetoothPairDeviceRequest - Device not connected
[2019-11-27 00:38:38.169]: AsyncBluetoothPairDeviceRequest - Connection attempt: 18/80
[2019-11-27 00:38:38.184]: AsyncBluetoothPairDeviceRequest - Device not connected
[2019-11-27 00:38:38.496]: AsyncBluetoothPairDeviceRequest - Connection attempt: 19/80
[2019-11-27 00:38:38.506]: AsyncBluetoothPairDeviceRequest - Device not connected
[2019-11-27 00:38:38.813]: AsyncBluetoothPairDeviceRequest - Connection attempt: 20/80
[2019-11-27 00:38:38.822]: AsyncBluetoothPairDeviceRequest - Device not connected
[2019-11-27 00:38:39.130]: AsyncBluetoothPairDeviceRequest - Connection attempt: 21/80
[2019-11-27 00:38:39.139]: AsyncBluetoothPairDeviceRequest - Device not connected
[2019-11-27 00:38:39.448]: AsyncBluetoothPairDeviceRequest - Connection attempt: 22/80
[2019-11-27 00:38:39.456]: AsyncBluetoothPairDeviceRequest - Device not connected
[2019-11-27 00:38:39.764]: AsyncBluetoothPairDeviceRequest - Connection attempt: 23/80
[2019-11-27 00:38:39.772]: AsyncBluetoothPairDeviceRequest - Device not connected
[2019-11-27 00:38:40.85]: AsyncBluetoothPairDeviceRequest - Connection attempt: 24/80
[2019-11-27 00:38:40.105]: AsyncBluetoothPairDeviceRequest - Device not connected
[2019-11-27 00:38:40.459]: AsyncBluetoothPairDeviceRequest - Connection attempt: 25/80
[2019-11-27 00:38:40.643]: AsyncBluetoothPairDeviceRequest - Device not connected
[2019-11-27 00:38:41.4]: AsyncBluetoothPairDeviceRequest - Connection attempt: 26/80
[2019-11-27 00:38:41.15]: AsyncBluetoothPairDeviceRequest - Device not connected
[2019-11-27 00:38:41.330]: AsyncBluetoothPairDeviceRequest - Connection attempt: 27/80
[2019-11-27 00:38:41.346]: AsyncBluetoothPairDeviceRequest - Device not connected
[2019-11-27 00:38:41.683]: AsyncBluetoothPairDeviceRequest - Connection attempt: 28/80
[2019-11-27 00:38:41.695]: AsyncBluetoothPairDeviceRequest - Device not connected
[2019-11-27 00:38:42.0]: AsyncBluetoothPairDeviceRequest - Connection attempt: 29/80
[2019-11-27 00:38:42.9]: AsyncBluetoothPairDeviceRequest - Device not connected
[2019-11-27 00:38:42.315]: AsyncBluetoothPairDeviceRequest - Connection attempt: 30/80
[2019-11-27 00:38:42.339]: AsyncBluetoothPairDeviceRequest - Device not connected
[2019-11-27 00:38:42.647]: AsyncBluetoothPairDeviceRequest - Connection attempt: 31/80
[2019-11-27 00:38:42.654]: AsyncBluetoothPairDeviceRequest - Device not connected
[2019-11-27 00:38:42.963]: AsyncBluetoothPairDeviceRequest - Connection attempt: 32/80
[2019-11-27 00:38:42.972]: AsyncBluetoothPairDeviceRequest - Device not connected
[2019-11-27 00:38:43.280]: AsyncBluetoothPairDeviceRequest - Connection attempt: 33/80
[2019-11-27 00:38:43.286]: AsyncBluetoothPairDeviceRequest - Device not connected
[2019-11-27 00:38:43.596]: AsyncBluetoothPairDeviceRequest - Connection attempt: 34/80
[2019-11-27 00:38:43.604]: AsyncBluetoothPairDeviceRequest - Device not connected
[2019-11-27 00:38:43.914]: AsyncBluetoothPairDeviceRequest - Connection attempt: 35/80
[2019-11-27 00:38:43.923]: AsyncBluetoothPairDeviceRequest - Device not connected
[2019-11-27 00:38:44.229]: AsyncBluetoothPairDeviceRequest - Connection attempt: 36/80
[2019-11-27 00:38:44.238]: AsyncBluetoothPairDeviceRequest - Device not connected
[2019-11-27 00:38:44.546]: AsyncBluetoothPairDeviceRequest - Connection attempt: 37/80
[2019-11-27 00:38:44.554]: AsyncBluetoothPairDeviceRequest - Device not connected
[2019-11-27 00:38:44.862]: AsyncBluetoothPairDeviceRequest - Connection attempt: 38/80
[2019-11-27 00:38:44.870]: AsyncBluetoothPairDeviceRequest - Device not connected
[2019-11-27 00:38:45.179]: AsyncBluetoothPairDeviceRequest - Connection attempt: 39/80
[2019-11-27 00:38:45.190]: AsyncBluetoothPairDeviceRequest - Device not connected
[2019-11-27 00:38:45.495]: AsyncBluetoothPairDeviceRequest - Connection attempt: 40/80
[2019-11-27 00:38:45.503]: AsyncBluetoothPairDeviceRequest - Device not connected
[2019-11-27 00:38:45.813]: AsyncBluetoothPairDeviceRequest - Connection attempt: 41/80
[2019-11-27 00:38:45.823]: AsyncBluetoothPairDeviceRequest - Device not connected
[2019-11-27 00:38:46.131]: AsyncBluetoothPairDeviceRequest - Connection attempt: 42/80
[2019-11-27 00:38:46.143]: AsyncBluetoothPairDeviceRequest - Device not connected
[2019-11-27 00:38:46.449]: AsyncBluetoothPairDeviceRequest - Connection attempt: 43/80
[2019-11-27 00:38:46.461]: AsyncBluetoothPairDeviceRequest - Device not connected
[2019-11-27 00:38:46.768]: AsyncBluetoothPairDeviceRequest - Connection attempt: 44/80
[2019-11-27 00:38:46.778]: AsyncBluetoothPairDeviceRequest - Device not connected
[2019-11-27 00:38:47.85]: AsyncBluetoothPairDeviceRequest - Connection attempt: 45/80
[2019-11-27 00:38:47.98]: AsyncBluetoothPairDeviceRequest - Device not connected
[2019-11-27 00:38:47.410]: AsyncBluetoothPairDeviceRequest - Connection attempt: 46/80
[2019-11-27 00:38:47.419]: AsyncBluetoothPairDeviceRequest - Device not connected
[2019-11-27 00:38:47.725]: AsyncBluetoothPairDeviceRequest - Connection attempt: 47/80
[2019-11-27 00:38:47.733]: AsyncBluetoothPairDeviceRequest - Device not connected
[2019-11-27 00:38:48.43]: AsyncBluetoothPairDeviceRequest - Connection attempt: 48/80
[2019-11-27 00:38:48.52]: AsyncBluetoothPairDeviceRequest - Device not connected
[2019-11-27 00:38:48.362]: AsyncBluetoothPairDeviceRequest - Connection attempt: 49/80
[2019-11-27 00:38:48.374]: AsyncBluetoothPairDeviceRequest - Device not connected
[2019-11-27 00:38:48.680]: AsyncBluetoothPairDeviceRequest - Connection attempt: 50/80
[2019-11-27 00:38:48.690]: AsyncBluetoothPairDeviceRequest - Device not connected
[2019-11-27 00:38:49.0]: AsyncBluetoothPairDeviceRequest - Connection attempt: 51/80
[2019-11-27 00:38:49.10]: AsyncBluetoothPairDeviceRequest - Device not connected
[2019-11-27 00:38:49.316]: AsyncBluetoothPairDeviceRequest - Connection attempt: 52/80
[2019-11-27 00:38:49.329]: AsyncBluetoothPairDeviceRequest - Device not connected
[2019-11-27 00:38:49.635]: AsyncBluetoothPairDeviceRequest - Connection attempt: 53/80
[2019-11-27 00:38:49.647]: AsyncBluetoothPairDeviceRequest - Device not connected
[2019-11-27 00:38:49.960]: AsyncBluetoothPairDeviceRequest - Connection attempt: 54/80
[2019-11-27 00:38:50.20]: AsyncBluetoothPairDeviceRequest - Patching the registry ...
[2019-11-27 00:38:50.42]: AsyncBluetoothPairDeviceRequest - Failed to open registry key, it does not yet exist
[2019-11-27 00:38:50.62]: AsyncBluetoothPairDeviceRequest - Checking HID service
[2019-11-27 00:38:50.70]: AsyncBluetoothPairDeviceRequest - HID service not enabled, attempting to enable
[2019-11-27 00:38:53.121]: AsyncBluetoothPairDeviceRequest - Patching the registry ...
[2019-11-27 00:38:53.126]: AsyncBluetoothPairDeviceRequest - Failed to open registry key, it does not yet exist
[2019-11-27 00:38:53.142]: AsyncBluetoothPairDeviceRequest - Verification attempt 0 / 5
[2019-11-27 00:38:53.145]: AsyncBluetoothPairDeviceRequest - Device Remembered
[2019-11-27 00:38:53.147]: AsyncBluetoothPairDeviceRequest - HID service enabled
[2019-11-27 00:38:53.155]: AsyncBluetoothPairDeviceRequest - HID service not enabled
[2019-11-27 00:38:53.158]: AsyncBluetoothPairDeviceRequest - Verified failed. Re-establish connection
[2019-11-27 00:38:53.171]: AsyncBluetoothPairDeviceRequest - Connection attempt: 0/80
[2019-11-27 00:38:53.177]: AsyncBluetoothPairDeviceRequest - Device not connected
[2019-11-27 00:38:53.481]: AsyncBluetoothPairDeviceRequest - Connection attempt: 1/80
[2019-11-27 00:38:53.491]: AsyncBluetoothPairDeviceRequest - Device not connected
[2019-11-27 00:38:53.797]: AsyncBluetoothPairDeviceRequest - Connection attempt: 2/80
[2019-11-27 00:38:53.807]: AsyncBluetoothPairDeviceRequest - Device not connected
[2019-11-27 00:38:54.116]: AsyncBluetoothPairDeviceRequest - Connection attempt: 3/80
[2019-11-27 00:38:54.126]: AsyncBluetoothPairDeviceRequest - Device not connected
[2019-11-27 00:38:54.432]: AsyncBluetoothPairDeviceRequest - Connection attempt: 4/80
[2019-11-27 00:38:54.443]: AsyncBluetoothPairDeviceRequest - Device not connected
[2019-11-27 00:38:54.749]: AsyncBluetoothPairDeviceRequest - Connection attempt: 5/80
[2019-11-27 00:38:54.759]: AsyncBluetoothPairDeviceRequest - Device not connected
[2019-11-27 00:38:55.64]: AsyncBluetoothPairDeviceRequest - Connection attempt: 6/80
[2019-11-27 00:38:55.72]: AsyncBluetoothPairDeviceRequest - Device not connected
[2019-11-27 00:38:55.379]: AsyncBluetoothPairDeviceRequest - Connection attempt: 7/80
[2019-11-27 00:38:55.387]: AsyncBluetoothPairDeviceRequest - Device not connected
[2019-11-27 00:38:55.695]: AsyncBluetoothPairDeviceRequest - Connection attempt: 8/80
[2019-11-27 00:38:55.703]: AsyncBluetoothPairDeviceRequest - Device not connected
[2019-11-27 00:38:56.10]: AsyncBluetoothPairDeviceRequest - Connection attempt: 9/80
[2019-11-27 00:38:56.16]: AsyncBluetoothPairDeviceRequest - Device not connected
[2019-11-27 00:38:56.324]: AsyncBluetoothPairDeviceRequest - Connection attempt: 10/80
[2019-11-27 00:38:56.333]: AsyncBluetoothPairDeviceRequest - Device not connected
[2019-11-27 00:38:56.642]: AsyncBluetoothPairDeviceRequest - Connection attempt: 11/80
[2019-11-27 00:38:56.650]: AsyncBluetoothPairDeviceRequest - Device not connected
[2019-11-27 00:38:56.959]: AsyncBluetoothPairDeviceRequest - Connection attempt: 12/80
[2019-11-27 00:38:56.968]: AsyncBluetoothPairDeviceRequest - Device not connected
[2019-11-27 00:38:57.274]: AsyncBluetoothPairDeviceRequest - Connection attempt: 13/80
[2019-11-27 00:38:57.281]: AsyncBluetoothPairDeviceRequest - Device not connected
[2019-11-27 00:38:57.590]: AsyncBluetoothPairDeviceRequest - Connection attempt: 14/80
[2019-11-27 00:38:57.597]: AsyncBluetoothPairDeviceRequest - Device not connected
[2019-11-27 00:38:57.905]: AsyncBluetoothPairDeviceRequest - Connection attempt: 15/80
[2019-11-27 00:38:57.912]: AsyncBluetoothPairDeviceRequest - Device not connected
[2019-11-27 00:38:58.221]: AsyncBluetoothPairDeviceRequest - Connection attempt: 16/80
[2019-11-27 00:38:58.228]: AsyncBluetoothPairDeviceRequest - Device not connected
[2019-11-27 00:38:58.536]: AsyncBluetoothPairDeviceRequest - Connection attempt: 17/80
[2019-11-27 00:38:58.544]: AsyncBluetoothPairDeviceRequest - Device not connected
[2019-11-27 00:38:58.853]: AsyncBluetoothPairDeviceRequest - Connection attempt: 18/80
[2019-11-27 00:38:58.860]: AsyncBluetoothPairDeviceRequest - Device not connected
[2019-11-27 00:38:59.169]: AsyncBluetoothPairDeviceRequest - Connection attempt: 19/80
[2019-11-27 00:38:59.176]: AsyncBluetoothPairDeviceRequest - Device not connected
[2019-11-27 00:38:59.482]: AsyncBluetoothPairDeviceRequest - Connection attempt: 20/80
[2019-11-27 00:38:59.490]: AsyncBluetoothPairDeviceRequest - Device not connected
[2019-11-27 00:38:59.797]: AsyncBluetoothPairDeviceRequest - Connection attempt: 21/80
[2019-11-27 00:38:59.805]: AsyncBluetoothPairDeviceRequest - Device not connected
[2019-11-27 00:39:00.111]: AsyncBluetoothPairDeviceRequest - Connection attempt: 22/80
[2019-11-27 00:39:00.119]: AsyncBluetoothPairDeviceRequest - Device not connected
[2019-11-27 00:39:00.425]: AsyncBluetoothPairDeviceRequest - Connection attempt: 23/80
[2019-11-27 00:39:00.434]: AsyncBluetoothPairDeviceRequest - Device not connected
[2019-11-27 00:39:00.752]: AsyncBluetoothPairDeviceRequest - Connection attempt: 24/80
[2019-11-27 00:39:00.830]: AsyncBluetoothPairDeviceRequest - Patching the registry ...
[2019-11-27 00:39:00.843]: AsyncBluetoothPairDeviceRequest - Failed to open registry key, it does not yet exist
[2019-11-27 00:39:00.869]: AsyncBluetoothPairDeviceRequest - Checking HID service
[2019-11-27 00:39:00.890]: AsyncBluetoothPairDeviceRequest - Verification attempt 0 / 5
[2019-11-27 00:39:00.911]: AsyncBluetoothPairDeviceRequest - Device Connected
[2019-11-27 00:39:00.934]: AsyncBluetoothPairDeviceRequest - Device Remembered
[2019-11-27 00:39:00.946]: AsyncBluetoothPairDeviceRequest - HID service enabled
[2019-11-27 00:39:00.959]: AsyncBluetoothPairDeviceRequest - Connected, Remembered, and HID service enabled
[2019-11-27 00:39:01.278]: AsyncBluetoothPairDeviceRequest - Verification attempt 1 / 5
[2019-11-27 00:39:01.389]: AsyncBluetoothPairDeviceRequest - Device Remembered
[2019-11-27 00:39:01.523]: AsyncBluetoothPairDeviceRequest - HID service enabled
[2019-11-27 00:39:01.562]: AsyncBluetoothPairDeviceRequest - HID service not enabled
[2019-11-27 00:39:01.592]: AsyncBluetoothPairDeviceRequest - Verified failed. Re-establish connection
[2019-11-27 00:39:01.636]: AsyncBluetoothPairDeviceRequest - Connection attempt: 0/80
[2019-11-27 00:39:01.649]: AsyncBluetoothPairDeviceRequest - Device not connected
[2019-11-27 00:39:01.957]: AsyncBluetoothPairDeviceRequest - Connection attempt: 1/80
[2019-11-27 00:39:01.971]: AsyncBluetoothPairDeviceRequest - Device not connected
[2019-11-27 00:39:02.295]: AsyncBluetoothPairDeviceRequest - Connection attempt: 2/80
[2019-11-27 00:39:02.319]: AsyncBluetoothPairDeviceRequest - Device not connected
[2019-11-27 00:39:02.638]: AsyncBluetoothPairDeviceRequest - Connection attempt: 3/80
[2019-11-27 00:39:02.645]: AsyncBluetoothPairDeviceRequest - Device not connected
[2019-11-27 00:39:02.959]: AsyncBluetoothPairDeviceRequest - Connection attempt: 4/80
[2019-11-27 00:39:02.973]: AsyncBluetoothPairDeviceRequest - Device not connected
[2019-11-27 00:39:03.278]: AsyncBluetoothPairDeviceRequest - Connection attempt: 5/80
[2019-11-27 00:39:03.287]: AsyncBluetoothPairDeviceRequest - Device not connected
[2019-11-27 00:39:03.594]: AsyncBluetoothPairDeviceRequest - Connection attempt: 6/80
[2019-11-27 00:39:03.603]: AsyncBluetoothPairDeviceRequest - Device not connected
[2019-11-27 00:39:03.910]: AsyncBluetoothPairDeviceRequest - Connection attempt: 7/80
[2019-11-27 00:39:03.919]: AsyncBluetoothPairDeviceRequest - Device not connected
[2019-11-27 00:39:04.225]: AsyncBluetoothPairDeviceRequest - Connection attempt: 8/80
[2019-11-27 00:39:04.234]: AsyncBluetoothPairDeviceRequest - Device not connected
[2019-11-27 00:39:04.541]: AsyncBluetoothPairDeviceRequest - Connection attempt: 9/80
[2019-11-27 00:39:04.549]: AsyncBluetoothPairDeviceRequest - Device not connected
[2019-11-27 00:39:04.856]: AsyncBluetoothPairDeviceRequest - Connection attempt: 10/80
[2019-11-27 00:39:04.867]: AsyncBluetoothPairDeviceRequest - Device not connected
[2019-11-27 00:39:05.172]: AsyncBluetoothPairDeviceRequest - Connection attempt: 11/80
[2019-11-27 00:39:05.182]: AsyncBluetoothPairDeviceRequest - Device not connected
[2019-11-27 00:39:05.491]: AsyncBluetoothPairDeviceRequest - Connection attempt: 12/80
[2019-11-27 00:39:05.499]: AsyncBluetoothPairDeviceRequest - Device not connected
[2019-11-27 00:39:05.806]: AsyncBluetoothPairDeviceRequest - Connection attempt: 13/80
[2019-11-27 00:39:05.816]: AsyncBluetoothPairDeviceRequest - Device not connected
[2019-11-27 00:39:06.125]: AsyncBluetoothPairDeviceRequest - Connection attempt: 14/80
[2019-11-27 00:39:06.137]: AsyncBluetoothPairDeviceRequest - Device not connected
[2019-11-27 00:39:06.444]: AsyncBluetoothPairDeviceRequest - Connection attempt: 15/80
[2019-11-27 00:39:06.460]: AsyncBluetoothPairDeviceRequest - Device not connected
[2019-11-27 00:39:06.775]: AsyncBluetoothPairDeviceRequest - Connection attempt: 16/80
[2019-11-27 00:39:06.794]: AsyncBluetoothPairDeviceRequest - Device not connected
[2019-11-27 00:39:07.117]: AsyncBluetoothPairDeviceRequest - Connection attempt: 17/80
[2019-11-27 00:39:07.127]: AsyncBluetoothPairDeviceRequest - Device not connected
[2019-11-27 00:39:07.442]: AsyncBluetoothPairDeviceRequest - Connection attempt: 18/80
[2019-11-27 00:39:07.452]: AsyncBluetoothPairDeviceRequest - Device not connected
[2019-11-27 00:39:07.759]: AsyncBluetoothPairDeviceRequest - Connection attempt: 19/80
[2019-11-27 00:39:07.768]: AsyncBluetoothPairDeviceRequest - Device not connected
[2019-11-27 00:39:08.75]: AsyncBluetoothPairDeviceRequest - Connection attempt: 20/80
[2019-11-27 00:39:08.95]: AsyncBluetoothPairDeviceRequest - Device not connected
[2019-11-27 00:39:08.406]: AsyncBluetoothPairDeviceRequest - Connection attempt: 21/80
[2019-11-27 00:39:08.418]: AsyncBluetoothPairDeviceRequest - Device not connected
[2019-11-27 00:39:08.723]: AsyncBluetoothPairDeviceRequest - Connection attempt: 22/80
[2019-11-27 00:39:08.735]: AsyncBluetoothPairDeviceRequest - Device not connected
[2019-11-27 00:39:09.42]: AsyncBluetoothPairDeviceRequest - Connection attempt: 23/80
[2019-11-27 00:39:09.56]: AsyncBluetoothPairDeviceRequest - Device not connected
[2019-11-27 00:39:09.377]: AsyncBluetoothPairDeviceRequest - Connection attempt: 24/80
[2019-11-27 00:39:09.385]: AsyncBluetoothPairDeviceRequest - Device not connected
[2019-11-27 00:39:09.691]: AsyncBluetoothPairDeviceRequest - Connection attempt: 25/80
[2019-11-27 00:39:09.699]: AsyncBluetoothPairDeviceRequest - Device not connected
[2019-11-27 00:39:10.5]: AsyncBluetoothPairDeviceRequest - Connection attempt: 26/80
[2019-11-27 00:39:10.18]: AsyncBluetoothPairDeviceRequest - Device not connected
[2019-11-27 00:39:10.334]: AsyncBluetoothPairDeviceRequest - Connection attempt: 27/80
[2019-11-27 00:39:10.343]: AsyncBluetoothPairDeviceRequest - Device not connected
[2019-11-27 00:39:10.663]: AsyncBluetoothPairDeviceRequest - Connection attempt: 28/80
[2019-11-27 00:39:10.810]: AsyncBluetoothPairDeviceRequest - Patching the registry ...
[2019-11-27 00:39:10.820]: AsyncBluetoothPairDeviceRequest - Failed to open registry key, it does not yet exist
[2019-11-27 00:39:10.840]: AsyncBluetoothPairDeviceRequest - Checking HID service
[2019-11-27 00:39:10.843]: AsyncBluetoothPairDeviceRequest - HID service not enabled, attempting to enable
[2019-11-27 00:39:13.897]: AsyncBluetoothPairDeviceRequest - Patching the registry ...
[2019-11-27 00:39:13.903]: AsyncBluetoothPairDeviceRequest - Failed to open registry key, it does not yet exist
[2019-11-27 00:39:13.918]: AsyncBluetoothPairDeviceRequest - Verification attempt 0 / 5
[2019-11-27 00:39:13.923]: AsyncBluetoothPairDeviceRequest - Device Remembered
[2019-11-27 00:39:13.933]: AsyncBluetoothPairDeviceRequest - HID service enabled
[2019-11-27 00:39:13.942]: AsyncBluetoothPairDeviceRequest - HID service not enabled
[2019-11-27 00:39:13.955]: AsyncBluetoothPairDeviceRequest - Verified failed. Re-establish connection
[2019-11-27 00:39:13.972]: AsyncBluetoothPairDeviceRequest - Connection attempt: 0/80
[2019-11-27 00:39:13.984]: AsyncBluetoothPairDeviceRequest - Device not connected
[2019-11-27 00:39:14.290]: AsyncBluetoothPairDeviceRequest - Connection attempt: 1/80
[2019-11-27 00:39:14.300]: AsyncBluetoothPairDeviceRequest - Device not connected
[2019-11-27 00:39:14.607]: AsyncBluetoothPairDeviceRequest - Connection attempt: 2/80
[2019-11-27 00:39:14.616]: AsyncBluetoothPairDeviceRequest - Device not connected
[2019-11-27 00:39:14.922]: AsyncBluetoothPairDeviceRequest - Connection attempt: 3/80
[2019-11-27 00:39:14.930]: AsyncBluetoothPairDeviceRequest - Device not connected
[2019-11-27 00:39:15.237]: AsyncBluetoothPairDeviceRequest - Connection attempt: 4/80
[2019-11-27 00:39:15.247]: AsyncBluetoothPairDeviceRequest - Device not connected
[2019-11-27 00:39:15.555]: AsyncBluetoothPairDeviceRequest - Connection attempt: 5/80
[2019-11-27 00:39:15.564]: AsyncBluetoothPairDeviceRequest - Device not connected
[2019-11-27 00:39:15.871]: AsyncBluetoothPairDeviceRequest - Connection attempt: 6/80
[2019-11-27 00:39:15.880]: AsyncBluetoothPairDeviceRequest - Device not connected
[2019-11-27 00:39:16.188]: AsyncBluetoothPairDeviceRequest - Connection attempt: 7/80
[2019-11-27 00:39:16.199]: AsyncBluetoothPairDeviceRequest - Device not connected
[2019-11-27 00:39:16.519]: AsyncBluetoothPairDeviceRequest - Connection attempt: 8/80
[2019-11-27 00:39:16.530]: AsyncBluetoothPairDeviceRequest - Device not connected
[2019-11-27 00:39:16.837]: AsyncBluetoothPairDeviceRequest - Connection attempt: 9/80
[2019-11-27 00:39:16.844]: AsyncBluetoothPairDeviceRequest - Device not connected
[2019-11-27 00:39:17.152]: AsyncBluetoothPairDeviceRequest - Connection attempt: 10/80
[2019-11-27 00:39:17.158]: AsyncBluetoothPairDeviceRequest - Device not connected
[2019-11-27 00:39:17.466]: AsyncBluetoothPairDeviceRequest - Connection attempt: 11/80
[2019-11-27 00:39:17.474]: AsyncBluetoothPairDeviceRequest - Device not connected
[2019-11-27 00:39:17.782]: AsyncBluetoothPairDeviceRequest - Connection attempt: 12/80
[2019-11-27 00:39:17.788]: AsyncBluetoothPairDeviceRequest - Device not connected
[2019-11-27 00:39:18.96]: AsyncBluetoothPairDeviceRequest - Connection attempt: 13/80
[2019-11-27 00:39:18.103]: AsyncBluetoothPairDeviceRequest - Device not connected
[2019-11-27 00:39:18.411]: AsyncBluetoothPairDeviceRequest - Connection attempt: 14/80
[2019-11-27 00:39:18.418]: AsyncBluetoothPairDeviceRequest - Device not connected
[2019-11-27 00:39:18.727]: AsyncBluetoothPairDeviceRequest - Connection attempt: 15/80
[2019-11-27 00:39:18.734]: AsyncBluetoothPairDeviceRequest - Device not connected
[2019-11-27 00:39:19.41]: AsyncBluetoothPairDeviceRequest - Connection attempt: 16/80
[2019-11-27 00:39:19.50]: AsyncBluetoothPairDeviceRequest - Device not connected
[2019-11-27 00:39:19.356]: AsyncBluetoothPairDeviceRequest - Connection attempt: 17/80
[2019-11-27 00:39:19.366]: AsyncBluetoothPairDeviceRequest - Device not connected
[2019-11-27 00:39:19.672]: AsyncBluetoothPairDeviceRequest - Connection attempt: 18/80
[2019-11-27 00:39:19.681]: AsyncBluetoothPairDeviceRequest - Device not connected
[2019-11-27 00:39:19.988]: AsyncBluetoothPairDeviceRequest - Connection attempt: 19/80
[2019-11-27 00:39:19.997]: AsyncBluetoothPairDeviceRequest - Device not connected
[2019-11-27 00:39:20.303]: AsyncBluetoothPairDeviceRequest - Connection attempt: 20/80
[2019-11-27 00:39:20.312]: AsyncBluetoothPairDeviceRequest - Device not connected
[2019-11-27 00:39:20.619]: AsyncBluetoothPairDeviceRequest - Connection attempt: 21/80
[2019-11-27 00:39:20.626]: AsyncBluetoothPairDeviceRequest - Device not connected
[2019-11-27 00:39:20.933]: AsyncBluetoothPairDeviceRequest - Connection attempt: 22/80
[2019-11-27 00:39:20.940]: AsyncBluetoothPairDeviceRequest - Device not connected
[2019-11-27 00:39:21.248]: AsyncBluetoothPairDeviceRequest - Connection attempt: 23/80
[2019-11-27 00:39:21.259]: AsyncBluetoothPairDeviceRequest - Device not connected
[2019-11-27 00:39:21.568]: AsyncBluetoothPairDeviceRequest - Connection attempt: 24/80
[2019-11-27 00:39:21.660]: AsyncBluetoothPairDeviceRequest - Device not connected
[2019-11-27 00:39:21.984]: AsyncBluetoothPairDeviceRequest - Connection attempt: 25/80
[2019-11-27 00:39:22.18]: AsyncBluetoothPairDeviceRequest - Device not connected
[2019-11-27 00:39:22.338]: AsyncBluetoothPairDeviceRequest - Connection attempt: 26/80
[2019-11-27 00:39:22.367]: AsyncBluetoothPairDeviceRequest - Device not connected
[2019-11-27 00:39:22.684]: AsyncBluetoothPairDeviceRequest - Connection attempt: 27/80
[2019-11-27 00:39:22.697]: AsyncBluetoothPairDeviceRequest - Device not connected
[2019-11-27 00:39:23.14]: AsyncBluetoothPairDeviceRequest - Connection attempt: 28/80
[2019-11-27 00:39:23.39]: AsyncBluetoothPairDeviceRequest - Device not connected
[2019-11-27 00:39:23.370]: AsyncBluetoothPairDeviceRequest - Connection attempt: 29/80
[2019-11-27 00:39:23.382]: AsyncBluetoothPairDeviceRequest - Device not connected
[2019-11-27 00:39:23.693]: AsyncBluetoothPairDeviceRequest - Connection attempt: 30/80
[2019-11-27 00:39:23.701]: AsyncBluetoothPairDeviceRequest - Device not connected
[2019-11-27 00:39:24.16]: AsyncBluetoothPairDeviceRequest - Connection attempt: 31/80
[2019-11-27 00:39:24.24]: AsyncBluetoothPairDeviceRequest - Device not connected
[2019-11-27 00:39:24.332]: AsyncBluetoothPairDeviceRequest - Connection attempt: 32/80
[2019-11-27 00:39:24.340]: AsyncBluetoothPairDeviceRequest - Device not connected
[2019-11-27 00:39:24.651]: AsyncBluetoothPairDeviceRequest - Connection attempt: 33/80
[2019-11-27 00:39:24.657]: AsyncBluetoothPairDeviceRequest - Device not connected
[2019-11-27 00:39:24.966]: AsyncBluetoothPairDeviceRequest - Connection attempt: 34/80
[2019-11-27 00:39:24.973]: AsyncBluetoothPairDeviceRequest - Device not connected
[2019-11-27 00:39:25.283]: AsyncBluetoothPairDeviceRequest - Connection attempt: 35/80
[2019-11-27 00:39:25.292]: AsyncBluetoothPairDeviceRequest - Device not connected
[2019-11-27 00:39:25.597]: AsyncBluetoothPairDeviceRequest - Connection attempt: 36/80
[2019-11-27 00:39:25.605]: AsyncBluetoothPairDeviceRequest - Device not connected
[2019-11-27 00:39:25.918]: AsyncBluetoothPairDeviceRequest - Connection attempt: 37/80
[2019-11-27 00:39:25.926]: AsyncBluetoothPairDeviceRequest - Device not connected
[2019-11-27 00:39:26.234]: AsyncBluetoothPairDeviceRequest - Connection attempt: 38/80
[2019-11-27 00:39:26.245]: AsyncBluetoothPairDeviceRequest - Device not connected
[2019-11-27 00:39:26.554]: AsyncBluetoothPairDeviceRequest - Connection attempt: 39/80
[2019-11-27 00:39:26.563]: AsyncBluetoothPairDeviceRequest - Device not connected
[2019-11-27 00:39:26.870]: AsyncBluetoothPairDeviceRequest - Connection attempt: 40/80
[2019-11-27 00:39:26.878]: AsyncBluetoothPairDeviceRequest - Device not connected
[2019-11-27 00:39:27.185]: AsyncBluetoothPairDeviceRequest - Connection attempt: 41/80
[2019-11-27 00:39:27.193]: AsyncBluetoothPairDeviceRequest - Device not connected
[2019-11-27 00:39:27.500]: AsyncBluetoothPairDeviceRequest - Connection attempt: 42/80
[2019-11-27 00:39:27.511]: AsyncBluetoothPairDeviceRequest - Device not connected
[2019-11-27 00:39:27.818]: AsyncBluetoothPairDeviceRequest - Connection attempt: 43/80
[2019-11-27 00:39:27.828]: AsyncBluetoothPairDeviceRequest - Device not connected
[2019-11-27 00:39:28.136]: AsyncBluetoothPairDeviceRequest - Connection attempt: 44/80
[2019-11-27 00:39:28.146]: AsyncBluetoothPairDeviceRequest - Device not connected
[2019-11-27 00:39:28.452]: AsyncBluetoothPairDeviceRequest - Connection attempt: 45/80
[2019-11-27 00:39:28.460]: AsyncBluetoothPairDeviceRequest - Device not connected
[2019-11-27 00:39:28.769]: AsyncBluetoothPairDeviceRequest - Connection attempt: 46/80
[2019-11-27 00:39:28.781]: AsyncBluetoothPairDeviceRequest - Device not connected
[2019-11-27 00:39:29.86]: AsyncBluetoothPairDeviceRequest - Connection attempt: 47/80
[2019-11-27 00:39:29.100]: AsyncBluetoothPairDeviceRequest - Device not connected
[2019-11-27 00:39:29.411]: AsyncBluetoothPairDeviceRequest - Connection attempt: 48/80
[2019-11-27 00:39:29.420]: AsyncBluetoothPairDeviceRequest - Device not connected
[2019-11-27 00:39:29.729]: AsyncBluetoothPairDeviceRequest - Connection attempt: 49/80
[2019-11-27 00:39:29.737]: AsyncBluetoothPairDeviceRequest - Device not connected
[2019-11-27 00:39:30.46]: AsyncBluetoothPairDeviceRequest - Connection attempt: 50/80
[2019-11-27 00:39:30.54]: AsyncBluetoothPairDeviceRequest - Device not connected
[2019-11-27 00:39:30.363]: AsyncBluetoothPairDeviceRequest - Connection attempt: 51/80
[2019-11-27 00:39:30.375]: AsyncBluetoothPairDeviceRequest - Device not connected
[2019-11-27 00:39:30.693]: AsyncBluetoothPairDeviceRequest - Connection attempt: 52/80
[2019-11-27 00:39:30.702]: AsyncBluetoothPairDeviceRequest - Device not connected
[2019-11-27 00:39:31.15]: AsyncBluetoothPairDeviceRequest - Connection attempt: 53/80
[2019-11-27 00:39:31.37]: AsyncBluetoothPairDeviceRequest - Device not connected
[2019-11-27 00:39:31.384]: AsyncBluetoothPairDeviceRequest - Connection attempt: 54/80
[2019-11-27 00:39:31.572]: AsyncBluetoothPairDeviceRequest - Patching the registry ...
[2019-11-27 00:39:31.595]: AsyncBluetoothPairDeviceRequest - Failed to open registry key, it does not yet exist
[2019-11-27 00:39:31.615]: AsyncBluetoothPairDeviceRequest - Checking HID service
[2019-11-27 00:39:31.629]: AsyncBluetoothPairDeviceRequest - HID service not enabled, attempting to enable
[2019-11-27 00:39:34.674]: AsyncBluetoothPairDeviceRequest - Patching the registry ...
[2019-11-27 00:39:34.680]: AsyncBluetoothPairDeviceRequest - Failed to open registry key, it does not yet exist
[2019-11-27 00:39:34.695]: AsyncBluetoothPairDeviceRequest - Verification attempt 0 / 5
[2019-11-27 00:39:34.701]: AsyncBluetoothPairDeviceRequest - Device Remembered
[2019-11-27 00:39:34.710]: AsyncBluetoothPairDeviceRequest - HID service enabled
[2019-11-27 00:39:34.714]: AsyncBluetoothPairDeviceRequest - HID service not enabled
[2019-11-27 00:39:34.733]: AsyncBluetoothPairDeviceRequest - Verified failed. Re-establish connection
[2019-11-27 00:39:34.746]: AsyncBluetoothPairDeviceRequest - Connection attempt: 0/80
[2019-11-27 00:39:34.758]: AsyncBluetoothPairDeviceRequest - Device not connected
[2019-11-27 00:39:35.61]: AsyncBluetoothPairDeviceRequest - Connection attempt: 1/80
[2019-11-27 00:39:35.69]: AsyncBluetoothPairDeviceRequest - Device not connected
[2019-11-27 00:39:35.377]: AsyncBluetoothPairDeviceRequest - Connection attempt: 2/80
[2019-11-27 00:39:35.393]: AsyncBluetoothPairDeviceRequest - Device not connected
[2019-11-27 00:39:35.701]: AsyncBluetoothPairDeviceRequest - Connection attempt: 3/80
[2019-11-27 00:39:35.711]: AsyncBluetoothPairDeviceRequest - Device not connected
[2019-11-27 00:39:36.16]: AsyncBluetoothPairDeviceRequest - Connection attempt: 4/80
[2019-11-27 00:39:36.27]: AsyncBluetoothPairDeviceRequest - Device not connected
[2019-11-27 00:39:36.333]: AsyncBluetoothPairDeviceRequest - Connection attempt: 5/80
[2019-11-27 00:39:36.344]: AsyncBluetoothPairDeviceRequest - Device not connected
[2019-11-27 00:39:36.649]: AsyncBluetoothPairDeviceRequest - Connection attempt: 6/80
[2019-11-27 00:39:36.660]: AsyncBluetoothPairDeviceRequest - Device not connected
[2019-11-27 00:39:36.965]: AsyncBluetoothPairDeviceRequest - Connection attempt: 7/80
[2019-11-27 00:39:36.976]: AsyncBluetoothPairDeviceRequest - Device not connected
[2019-11-27 00:39:37.284]: AsyncBluetoothPairDeviceRequest - Connection attempt: 8/80
[2019-11-27 00:39:37.296]: AsyncBluetoothPairDeviceRequest - Device not connected
[2019-11-27 00:39:37.601]: AsyncBluetoothPairDeviceRequest - Connection attempt: 9/80
[2019-11-27 00:39:37.612]: AsyncBluetoothPairDeviceRequest - Device not connected
[2019-11-27 00:39:37.924]: AsyncBluetoothPairDeviceRequest - Connection attempt: 10/80
[2019-11-27 00:39:37.936]: AsyncBluetoothPairDeviceRequest - Device not connected
[2019-11-27 00:39:38.247]: AsyncBluetoothPairDeviceRequest - Connection attempt: 11/80
[2019-11-27 00:39:38.259]: AsyncBluetoothPairDeviceRequest - Device not connected
[2019-11-27 00:39:38.568]: AsyncBluetoothPairDeviceRequest - Connection attempt: 12/80
[2019-11-27 00:39:38.580]: AsyncBluetoothPairDeviceRequest - Device not connected
[2019-11-27 00:39:38.895]: AsyncBluetoothPairDeviceRequest - Connection attempt: 13/80
[2019-11-27 00:39:38.910]: AsyncBluetoothPairDeviceRequest - Device not connected
[2019-11-27 00:39:39.226]: AsyncBluetoothPairDeviceRequest - Connection attempt: 14/80
[2019-11-27 00:39:39.236]: AsyncBluetoothPairDeviceRequest - Device not connected
[2019-11-27 00:39:39.544]: AsyncBluetoothPairDeviceRequest - Connection attempt: 15/80
[2019-11-27 00:39:39.550]: AsyncBluetoothPairDeviceRequest - Device not connected
[2019-11-27 00:39:39.861]: AsyncBluetoothPairDeviceRequest - Connection attempt: 16/80
[2019-11-27 00:39:39.868]: AsyncBluetoothPairDeviceRequest - Device not connected
[2019-11-27 00:39:40.177]: AsyncBluetoothPairDeviceRequest - Connection attempt: 17/80
[2019-11-27 00:39:40.190]: AsyncBluetoothPairDeviceRequest - Device not connected
[2019-11-27 00:39:40.498]: AsyncBluetoothPairDeviceRequest - Connection attempt: 18/80
[2019-11-27 00:39:40.507]: AsyncBluetoothPairDeviceRequest - Device not connected
[2019-11-27 00:39:40.817]: AsyncBluetoothPairDeviceRequest - Connection attempt: 19/80
[2019-11-27 00:39:40.828]: AsyncBluetoothPairDeviceRequest - Device not connected
[2019-11-27 00:39:41.134]: AsyncBluetoothPairDeviceRequest - Connection attempt: 20/80
[2019-11-27 00:39:41.145]: AsyncBluetoothPairDeviceRequest - Device not connected
[2019-11-27 00:39:41.457]: AsyncBluetoothPairDeviceRequest - Connection attempt: 21/80
[2019-11-27 00:39:41.466]: AsyncBluetoothPairDeviceRequest - Device not connected
[2019-11-27 00:39:41.775]: AsyncBluetoothPairDeviceRequest - Connection attempt: 22/80
[2019-11-27 00:39:41.782]: AsyncBluetoothPairDeviceRequest - Device not connected
[2019-11-27 00:39:42.91]: AsyncBluetoothPairDeviceRequest - Connection attempt: 23/80
[2019-11-27 00:39:42.98]: AsyncBluetoothPairDeviceRequest - Device not connected
[2019-11-27 00:39:42.409]: AsyncBluetoothPairDeviceRequest - Connection attempt: 24/80
[2019-11-27 00:39:42.428]: AsyncBluetoothPairDeviceRequest - Device not connected
[2019-11-27 00:39:42.766]: AsyncBluetoothPairDeviceRequest - Connection attempt: 25/80
[2019-11-27 00:39:43.22]: AsyncBluetoothPairDeviceRequest - Device not connected
[2019-11-27 00:39:43.374]: AsyncBluetoothPairDeviceRequest - Connection attempt: 26/80
[2019-11-27 00:39:43.398]: AsyncBluetoothPairDeviceRequest - Device not connected
[2019-11-27 00:39:43.725]: AsyncBluetoothPairDeviceRequest - Connection attempt: 27/80
[2019-11-27 00:39:43.750]: AsyncBluetoothPairDeviceRequest - Device not connected
[2019-11-27 00:39:44.80]: AsyncBluetoothPairDeviceRequest - Connection attempt: 28/80
[2019-11-27 00:39:44.96]: AsyncBluetoothPairDeviceRequest - Device not connected
[2019-11-27 00:39:44.409]: AsyncBluetoothPairDeviceRequest - Connection attempt: 29/80
[2019-11-27 00:39:44.416]: AsyncBluetoothPairDeviceRequest - Device not connected
[2019-11-27 00:39:44.727]: AsyncBluetoothPairDeviceRequest - Connection attempt: 30/80
[2019-11-27 00:39:44.737]: AsyncBluetoothPairDeviceRequest - Device not connected
[2019-11-27 00:39:45.45]: AsyncBluetoothPairDeviceRequest - Connection attempt: 31/80
[2019-11-27 00:39:45.60]: AsyncBluetoothPairDeviceRequest - Device not connected
[2019-11-27 00:39:45.375]: AsyncBluetoothPairDeviceRequest - Connection attempt: 32/80
[2019-11-27 00:39:45.389]: AsyncBluetoothPairDeviceRequest - Device not connected
[2019-11-27 00:39:45.702]: AsyncBluetoothPairDeviceRequest - Connection attempt: 33/80
[2019-11-27 00:39:45.711]: AsyncBluetoothPairDeviceRequest - Device not connected
[2019-11-27 00:39:46.25]: AsyncBluetoothPairDeviceRequest - Connection attempt: 34/80
[2019-11-27 00:39:46.35]: AsyncBluetoothPairDeviceRequest - Device not connected
[2019-11-27 00:39:46.345]: AsyncBluetoothPairDeviceRequest - Connection attempt: 35/80
[2019-11-27 00:39:46.354]: AsyncBluetoothPairDeviceRequest - Device not connected
[2019-11-27 00:39:46.661]: AsyncBluetoothPairDeviceRequest - Connection attempt: 36/80
[2019-11-27 00:39:46.669]: AsyncBluetoothPairDeviceRequest - Device not connected
[2019-11-27 00:39:46.975]: AsyncBluetoothPairDeviceRequest - Connection attempt: 37/80
[2019-11-27 00:39:46.985]: AsyncBluetoothPairDeviceRequest - Device not connected
[2019-11-27 00:39:47.293]: AsyncBluetoothPairDeviceRequest - Connection attempt: 38/80
[2019-11-27 00:39:47.304]: AsyncBluetoothPairDeviceRequest - Device not connected
[2019-11-27 00:39:47.614]: AsyncBluetoothPairDeviceRequest - Connection attempt: 39/80
[2019-11-27 00:39:47.627]: AsyncBluetoothPairDeviceRequest - Device not connected
[2019-11-27 00:39:47.940]: AsyncBluetoothPairDeviceRequest - Connection attempt: 40/80
[2019-11-27 00:39:47.947]: AsyncBluetoothPairDeviceRequest - Device not connected
[2019-11-27 00:39:48.258]: AsyncBluetoothPairDeviceRequest - Connection attempt: 41/80
[2019-11-27 00:39:48.270]: AsyncBluetoothPairDeviceRequest - Device not connected
[2019-11-27 00:39:48.577]: AsyncBluetoothPairDeviceRequest - Connection attempt: 42/80
[2019-11-27 00:39:48.587]: AsyncBluetoothPairDeviceRequest - Device not connected
[2019-11-27 00:39:48.896]: AsyncBluetoothPairDeviceRequest - Connection attempt: 43/80
[2019-11-27 00:39:48.909]: AsyncBluetoothPairDeviceRequest - Device not connected
[2019-11-27 00:39:49.214]: AsyncBluetoothPairDeviceRequest - Connection attempt: 44/80
[2019-11-27 00:39:49.225]: AsyncBluetoothPairDeviceRequest - Device not connected
[2019-11-27 00:39:49.531]: AsyncBluetoothPairDeviceRequest - Connection attempt: 45/80
[2019-11-27 00:39:49.543]: AsyncBluetoothPairDeviceRequest - Device not connected
[2019-11-27 00:39:49.854]: AsyncBluetoothPairDeviceRequest - Connection attempt: 46/80
[2019-11-27 00:39:49.863]: AsyncBluetoothPairDeviceRequest - Device not connected
[2019-11-27 00:39:50.177]: AsyncBluetoothPairDeviceRequest - Connection attempt: 47/80
[2019-11-27 00:39:50.194]: AsyncBluetoothPairDeviceRequest - Device not connected
[2019-11-27 00:39:50.518]: AsyncBluetoothPairDeviceRequest - Connection attempt: 48/80
[2019-11-27 00:39:50.526]: AsyncBluetoothPairDeviceRequest - Device not connected
[2019-11-27 00:39:50.840]: AsyncBluetoothPairDeviceRequest - Connection attempt: 49/80
[2019-11-27 00:39:50.846]: AsyncBluetoothPairDeviceRequest - Device not connected
[2019-11-27 00:39:51.155]: AsyncBluetoothPairDeviceRequest - Connection attempt: 50/80
[2019-11-27 00:39:51.165]: AsyncBluetoothPairDeviceRequest - Device not connected
[2019-11-27 00:39:51.475]: AsyncBluetoothPairDeviceRequest - Connection attempt: 51/80
[2019-11-27 00:39:51.486]: AsyncBluetoothPairDeviceRequest - Device not connected
[2019-11-27 00:39:51.793]: AsyncBluetoothPairDeviceRequest - Connection attempt: 52/80
[2019-11-27 00:39:51.805]: AsyncBluetoothPairDeviceRequest - Device not connected
[2019-11-27 00:39:52.127]: AsyncBluetoothPairDeviceRequest - Connection attempt: 53/80
[2019-11-27 00:39:52.317]: AsyncBluetoothPairDeviceRequest - Patching the registry ...
[2019-11-27 00:39:52.353]: AsyncBluetoothPairDeviceRequest - Failed to open registry key, it does not yet exist
[2019-11-27 00:39:52.378]: AsyncBluetoothPairDeviceRequest - Checking HID service
[2019-11-27 00:39:52.394]: AsyncBluetoothPairDeviceRequest - HID service not enabled, attempting to enable
[2019-11-27 00:39:55.464]: AsyncBluetoothPairDeviceRequest - Patching the registry ...
[2019-11-27 00:39:55.471]: AsyncBluetoothPairDeviceRequest - Failed to open registry key, it does not yet exist
[2019-11-27 00:39:55.487]: AsyncBluetoothPairDeviceRequest - Verification attempt 0 / 5
[2019-11-27 00:39:55.493]: AsyncBluetoothPairDeviceRequest - Device Remembered
[2019-11-27 00:39:55.502]: AsyncBluetoothPairDeviceRequest - HID service enabled
[2019-11-27 00:39:55.508]: AsyncBluetoothPairDeviceRequest - HID service not enabled
[2019-11-27 00:39:55.523]: AsyncBluetoothPairDeviceRequest - Verified failed. Re-establish connection
[2019-11-27 00:39:55.539]: AsyncBluetoothPairDeviceRequest - Connection attempt: 0/80
[2019-11-27 00:39:55.544]: AsyncBluetoothPairDeviceRequest - Device not connected
[2019-11-27 00:39:55.851]: AsyncBluetoothPairDeviceRequest - Connection attempt: 1/80
[2019-11-27 00:39:55.858]: AsyncBluetoothPairDeviceRequest - Device not connected
[2019-11-27 00:39:56.172]: AsyncBluetoothPairDeviceRequest - Connection attempt: 2/80
[2019-11-27 00:39:56.185]: AsyncBluetoothPairDeviceRequest - Device not connected
[2019-11-27 00:39:56.493]: AsyncBluetoothPairDeviceRequest - Connection attempt: 3/80
[2019-11-27 00:39:56.505]: AsyncBluetoothPairDeviceRequest - Device not connected
[2019-11-27 00:39:56.817]: AsyncBluetoothPairDeviceRequest - Connection attempt: 4/80
[2019-11-27 00:39:56.825]: AsyncBluetoothPairDeviceRequest - Device not connected
